<?xml version="1.0" encoding="UTF-8"?>
<!-- Generated by org.testng.reporters.JUnitReportReporter -->
<testsuite hostname="QT-INBG-LT1568" failures="0" tests="2" name="Rutuja.QT_automation.TestNg_implemention" time="0.006" errors="0" timestamp="2022-07-28T10:48:28 IST" skipped="0">
  <testcase classname="Rutuja.QT_automation.TestNg_implemention" name="cmo1" time="0.004"/>
  <system-out/>
  <testcase classname="Rutuja.QT_automation.TestNg_implemention" name="demo" time="0.002"/>
  <system-out/>
</testsuite> <!-- Rutuja.QT_automation.TestNg_implemention -->
