<?xml version="1.0" encoding="UTF-8"?>
<!-- Generated by org.testng.reporters.JUnitReportReporter -->
<testsuite hostname="QT-INBG-LT1568" failures="0" tests="2" name="Rutuja.QT_automation.TwoTestDemo" time="0.021" errors="0" timestamp="2022-08-01T15:41:09 IST" skipped="0">
  <testcase classname="Rutuja.QT_automation.TwoTestDemo" name="secondMethod" time="0.016"/>
  <system-out/>
  <testcase classname="Rutuja.QT_automation.TwoTestDemo" name="firstMethod" time="0.005"/>
  <system-out/>
</testsuite> <!-- Rutuja.QT_automation.TwoTestDemo -->
